{
  "RSpec": {
    "coverage": {
      "/home/adrien/Desktop/coderticket/app/helpers/application_helper.rb": [
        1,
        null
      ],
      "/home/adrien/Desktop/coderticket/app/helpers/categories_helper.rb": [
        1,
        null
      ],
      "/home/adrien/Desktop/coderticket/app/helpers/events_helper.rb": [
        1,
        1,
        0,
        null,
        null
      ],
      "/home/adrien/Desktop/coderticket/app/helpers/regions_helper.rb": [
        1,
        null
      ],
      "/home/adrien/Desktop/coderticket/app/helpers/sessions_helper.rb": [
        1,
        null
      ],
      "/home/adrien/Desktop/coderticket/app/helpers/tickets_helper.rb": [
        1,
        null
      ],
      "/home/adrien/Desktop/coderticket/app/helpers/users_helper.rb": [
        1,
        null
      ],
      "/home/adrien/Desktop/coderticket/app/helpers/venues_helper.rb": [
        1,
        null
      ],
      "/home/adrien/Desktop/coderticket/app/controllers/categories_controller.rb": [
        1,
        1,
        0,
        null,
        null,
        1,
        0,
        0,
        0,
        null,
        0,
        null,
        null,
        null,
        1,
        0,
        null,
        null,
        null
      ],
      "/home/adrien/Desktop/coderticket/app/controllers/application_controller.rb": [
        1,
        null,
        null,
        1,
        null,
        null,
        1,
        null,
        1,
        0,
        null,
        null,
        1,
        null,
        1,
        0,
        null,
        null,
        1,
        0,
        null,
        null,
        null
      ],
      "/home/adrien/Desktop/coderticket/app/controllers/regions_controller.rb": [
        1,
        1,
        0,
        null,
        null,
        null,
        1,
        0,
        0,
        0,
        null,
        0,
        null,
        null,
        null,
        1,
        0,
        null,
        null,
        null
      ],
      "/home/adrien/Desktop/coderticket/app/controllers/sessions_controller.rb": [
        1,
        1,
        null,
        null,
        1,
        1,
        null,
        1,
        null,
        null,
        0,
        0,
        null,
        null,
        1,
        1,
        null,
        null,
        null,
        null,
        1,
        0,
        0,
        null,
        null
      ],
      "/home/adrien/Desktop/coderticket/app/controllers/ticket_types_controller.rb": [
        1,
        1,
        0,
        0,
        null,
        null,
        1,
        0,
        0,
        0,
        0,
        null,
        0,
        null,
        null,
        null,
        1,
        0,
        null,
        null,
        null,
        1,
        0,
        null,
        null
      ],
      "/home/adrien/Desktop/coderticket/app/controllers/users_controller.rb": [
        1,
        1,
        null,
        null,
        1,
        0,
        0,
        0,
        0,
        null,
        0,
        null,
        null,
        null,
        1,
        null,
        1,
        0,
        null,
        null
      ],
      "/home/adrien/Desktop/coderticket/app/controllers/venues_controller.rb": [
        1,
        1,
        1,
        0,
        null,
        null,
        null,
        1,
        0,
        0,
        0,
        null,
        0,
        null,
        null,
        null,
        1,
        0,
        null,
        null,
        null
      ],
      "/home/adrien/Desktop/coderticket/app/models/event.rb": [
        1,
        1,
        1,
        1,
        1,
        1,
        null,
        null,
        1,
        null,
        null,
        1,
        null,
        1,
        1,
        null,
        null,
        1,
        0,
        null,
        null,
        1,
        0,
        null,
        null,
        null,
        null,
        null
      ],
      "/home/adrien/Desktop/coderticket/app/models/ticket_type.rb": [
        1,
        1,
        null,
        null,
        1,
        0,
        null,
        null
      ],
      "/home/adrien/Desktop/coderticket/app/models/user.rb": [
        1,
        1,
        null,
        1,
        null
      ],
      "/home/adrien/Desktop/coderticket/app/models/application_record.rb": [
        1,
        1,
        null
      ],
      "/home/adrien/Desktop/coderticket/app/models/venue.rb": [
        1,
        1,
        1,
        1,
        null
      ],
      "/home/adrien/Desktop/coderticket/app/controllers/events_controller.rb": [
        1,
        1,
        1,
        0,
        0,
        null,
        0,
        0,
        null,
        0,
        null,
        null,
        null,
        1,
        0,
        0,
        null,
        0,
        null,
        null,
        1,
        0,
        0,
        0,
        null,
        0,
        null,
        null,
        null,
        1,
        0,
        null,
        null,
        1,
        null,
        1,
        0,
        null,
        null,
        null,
        null,
        null
      ],
      "/home/adrien/Desktop/coderticket/app/models/category.rb": [
        0,
        0,
        0,
        0
      ],
      "/home/adrien/Desktop/coderticket/app/models/region.rb": [
        0,
        0,
        0,
        0
      ]
    },
    "timestamp": 1477824383
  }
}
